<?xml version="1.0" encoding="UTF-8"?>
<!-- Generated by org.testng.reporters.JUnitXMLReporter -->
<testsuite hostname="Mira-PC" name="Default test" tests="2" failures="2" timestamp="1 Sep 2014 19:04:11 GMT" time="72.043" errors="0">
  <testcase name="modifySomeContactViaEdit" time="33.113" classname="com.example.tests.ContactModificationTest">
    <failure type="java.lang.AssertionError" message="
Expected: &amp;lt;[ContactData [firstName=, lastName=testName2064121233srkanqjwuqlceecqjdwa], ContactData [firstName=Mazgalin, lastName=Dmitry], ContactData [firstName=Mazgalina, lastName=Natalia], ContactData [firstName=testName-1646201247mxyaokujheudkcivegda, lastName=testName-1447124985shfnoqzqampnmwbgmdsl], ContactData [firstName=testName-2026917084ofyogqzfzwiaedxumphb, lastName=testName1117551174qclqwxplwfsuqpfgtksd]]&amp;gt;
     but: was &amp;lt;[ContactData [firstName=, lastName=testName2064121233srkanqjwuqlceecqjdwa], ContactData [firstName=Mazgalin, lastName=Dmitry], ContactData [firstName=Mazgalina, lastName=Natalia], ContactData [firstName=testName-1646201247mxyaokujheudkcivegda, lastName=testName-1447124985shfnoqzqampnmwbgmdsl], ContactData [firstName=testName1117551174qclqwxplwfsuqpfgtksd, lastName=testName-2026917084ofyogqzfzwiaedxumphb]]&amp;gt;">
      <![CDATA[java.lang.AssertionError: 
Expected: <[ContactData [firstName=, lastName=testName2064121233srkanqjwuqlceecqjdwa], ContactData [firstName=Mazgalin, lastName=Dmitry], ContactData [firstName=Mazgalina, lastName=Natalia], ContactData [firstName=testName-1646201247mxyaokujheudkcivegda, lastName=testName-1447124985shfnoqzqampnmwbgmdsl], ContactData [firstName=testName-2026917084ofyogqzfzwiaedxumphb, lastName=testName1117551174qclqwxplwfsuqpfgtksd]]]]><![CDATA[>
     but: was <[ContactData [firstName=, lastName=testName2064121233srkanqjwuqlceecqjdwa], ContactData [firstName=Mazgalin, lastName=Dmitry], ContactData [firstName=Mazgalina, lastName=Natalia], ContactData [firstName=testName-1646201247mxyaokujheudkcivegda, lastName=testName-1447124985shfnoqzqampnmwbgmdsl], ContactData [firstName=testName1117551174qclqwxplwfsuqpfgtksd, lastName=testName-2026917084ofyogqzfzwiaedxumphb]]]]><![CDATA[>
	at org.hamcrest.MatcherAssert.assertThat(MatcherAssert.java:20)
	at org.junit.Assert.assertThat(Assert.java:865)
	at org.junit.Assert.assertThat(Assert.java:832)
	at com.example.tests.ContactModificationTest.modifySomeContactViaEdit(ContactModificationTest.java:31)
	at sun.reflect.NativeMethodAccessorImpl.invoke0(Native Method)
	at sun.reflect.NativeMethodAccessorImpl.invoke(Unknown Source)
	at sun.reflect.DelegatingMethodAccessorImpl.invoke(Unknown Source)
	at java.lang.reflect.Method.invoke(Unknown Source)
	at org.testng.internal.MethodInvocationHelper.invokeMethod(MethodInvocationHelper.java:84)
	at org.testng.internal.Invoker.invokeMethod(Invoker.java:714)
	at org.testng.internal.Invoker.invokeTestMethod(Invoker.java:901)
	at org.testng.internal.Invoker.invokeTestMethods(Invoker.java:1231)
	at org.testng.internal.TestMethodWorker.invokeTestMethods(TestMethodWorker.java:127)
	at org.testng.internal.TestMethodWorker.run(TestMethodWorker.java:111)
	at org.testng.TestRunner.privateRun(TestRunner.java:767)
	at org.testng.TestRunner.run(TestRunner.java:617)
	at org.testng.SuiteRunner.runTest(SuiteRunner.java:334)
	at org.testng.SuiteRunner.runSequentially(SuiteRunner.java:329)
	at org.testng.SuiteRunner.privateRun(SuiteRunner.java:291)
	at org.testng.SuiteRunner.run(SuiteRunner.java:240)
	at org.testng.SuiteRunnerWorker.runSuite(SuiteRunnerWorker.java:52)
	at org.testng.SuiteRunnerWorker.run(SuiteRunnerWorker.java:86)
	at org.testng.TestNG.runSuitesSequentially(TestNG.java:1224)
	at org.testng.TestNG.runSuitesLocally(TestNG.java:1149)
	at org.testng.TestNG.run(TestNG.java:1057)
	at org.testng.remote.RemoteTestNG.run(RemoteTestNG.java:111)
	at org.testng.remote.RemoteTestNG.initAndRun(RemoteTestNG.java:204)
	at org.testng.remote.RemoteTestNG.main(RemoteTestNG.java:175)
]]>
    </failure>
  </testcase> <!-- modifySomeContactViaEdit -->
  <testcase name="modifySomeContactViaEdit" time="30.775" classname="com.example.tests.ContactModificationTest">
    <failure type="org.openqa.selenium.NoSuchElementException" message="Cannot locate element with text: 0
For documentation on this error, please visit: http://seleniumhq.org/exceptions/no_such_element.html
Build info: version: &amp;apos;2.42.2&amp;apos;, revision: &amp;apos;6a6995d&amp;apos;, time: &amp;apos;2014-06-03 17:42:03&amp;apos;
System info: host: &amp;apos;Mira-PC&amp;apos;, ip: &amp;apos;192.168.0.103&amp;apos;, os.name: &amp;apos;Windows 7&amp;apos;, os.arch: &amp;apos;amd64&amp;apos;, os.version: &amp;apos;6.1&amp;apos;, java.version: &amp;apos;1.7.0_60&amp;apos;
Driver info: driver.version: unknown">
      <![CDATA[org.openqa.selenium.NoSuchElementException: Cannot locate element with text: 0
For documentation on this error, please visit: http://seleniumhq.org/exceptions/no_such_element.html
Build info: version: '2.42.2', revision: '6a6995d', time: '2014-06-03 17:42:03'
System info: host: 'Mira-PC', ip: '192.168.0.103', os.name: 'Windows 7', os.arch: 'amd64', os.version: '6.1', java.version: '1.7.0_60'
Driver info: driver.version: unknown
	at org.openqa.selenium.support.ui.Select.selectByVisibleText(Select.java:147)
	at com.example.fw.HelperBase.select(HelperBase.java:74)
	at com.example.fw.ContactHelper.fillContactForm(ContactHelper.java:108)
	at com.example.fw.ContactHelper.modifyContact(ContactHelper.java:62)
	at com.example.tests.ContactModificationTest.modifySomeContactViaEdit(ContactModificationTest.java:25)
	at sun.reflect.NativeMethodAccessorImpl.invoke0(Native Method)
	at sun.reflect.NativeMethodAccessorImpl.invoke(Unknown Source)
	at sun.reflect.DelegatingMethodAccessorImpl.invoke(Unknown Source)
	at java.lang.reflect.Method.invoke(Unknown Source)
	at org.testng.internal.MethodInvocationHelper.invokeMethod(MethodInvocationHelper.java:84)
	at org.testng.internal.Invoker.invokeMethod(Invoker.java:714)
	at org.testng.internal.Invoker.invokeTestMethod(Invoker.java:901)
	at org.testng.internal.Invoker.invokeTestMethods(Invoker.java:1231)
	at org.testng.internal.TestMethodWorker.invokeTestMethods(TestMethodWorker.java:127)
	at org.testng.internal.TestMethodWorker.run(TestMethodWorker.java:111)
	at org.testng.TestRunner.privateRun(TestRunner.java:767)
	at org.testng.TestRunner.run(TestRunner.java:617)
	at org.testng.SuiteRunner.runTest(SuiteRunner.java:334)
	at org.testng.SuiteRunner.runSequentially(SuiteRunner.java:329)
	at org.testng.SuiteRunner.privateRun(SuiteRunner.java:291)
	at org.testng.SuiteRunner.run(SuiteRunner.java:240)
	at org.testng.SuiteRunnerWorker.runSuite(SuiteRunnerWorker.java:52)
	at org.testng.SuiteRunnerWorker.run(SuiteRunnerWorker.java:86)
	at org.testng.TestNG.runSuitesSequentially(TestNG.java:1224)
	at org.testng.TestNG.runSuitesLocally(TestNG.java:1149)
	at org.testng.TestNG.run(TestNG.java:1057)
	at org.testng.remote.RemoteTestNG.run(RemoteTestNG.java:111)
	at org.testng.remote.RemoteTestNG.initAndRun(RemoteTestNG.java:204)
	at org.testng.remote.RemoteTestNG.main(RemoteTestNG.java:175)
]]>
    </failure>
  </testcase> <!-- modifySomeContactViaEdit -->
</testsuite> <!-- Default test -->
